DEBUG:root:Este es un mensaje de depuración
INFO:root:Esta es una información
WARNING:root:Este es un mensaje de advertencia
ERROR:root:Este es un mensaje de error
INFO:root:información
WARNING:root:advertencia
ERROR:root:error
INFO:root:información
WARNING:root:advertencia
ERROR:root:error
INFO:root:información
WARNING:root:advertencia
ERROR:root:error
INFO:root:información
WARNING:root:advertencia
ERROR:root:error
INFO:root:información
WARNING:root:advertencia
ERROR:root:error
INFO:root:información
WARNING:root:advertencia
ERROR:root:error
